<?xml version="1.0" encoding="UTF-8"?>
<!-- Generated by org.testng.reporters.JUnitReportReporter -->
<testsuite hostname="LAPTOP-J81SHHRK" failures="0" tests="3" name="Testcases.Data_Provider" time="0.030" errors="0" timestamp="2024-06-06T15:57:40 IST" skipped="0">
  <testcase classname="Testcases.Data_Provider" name="TC1" time="0.025"/>
  <system-out/>
  <testcase classname="Testcases.Data_Provider" name="TC1" time="0.003"/>
  <system-out/>
  <testcase classname="Testcases.Data_Provider" name="TC1" time="0.002"/>
  <system-out/>
</testsuite> <!-- Testcases.Data_Provider -->
