<?xml version="1.0" encoding="UTF-8"?>
<!-- Generated by org.testng.reporters.JUnitReportReporter -->
<testsuite hostname="LAPTOP-J81SHHRK" failures="0" tests="1" name="Testcases.VoteTest" time="16.041" errors="0" timestamp="2024-06-06T12:29:48 IST" skipped="0">
  <testcase classname="Testcases.VoteTest" name="votetest" time="16.041"/>
  <system-out>
    <![CDATA[Application was launched successfully
vote test case completed]]>
  </system-out>
</testsuite> <!-- Testcases.VoteTest -->
