<?xml version="1.0" encoding="UTF-8"?>
<!-- Generated by org.testng.reporters.JUnitReportReporter -->
<testsuite hostname="LAPTOP-J81SHHRK" failures="0" tests="2" name="Testcases.Group_Helper" time="0.004" errors="0" timestamp="2024-06-04T17:50:36 IST" skipped="0">
  <testcase classname="Testcases.Group_Helper" name="Logintest" time="0.002"/>
  <system-out/>
  <testcase classname="Testcases.Group_Helper" name="Registertest" time="0.002"/>
  <system-out/>
</testsuite> <!-- Testcases.Group_Helper -->
