<?xml version="1.0" encoding="UTF-8"?>
<!-- Generated by org.testng.reporters.JUnitReportReporter -->
<testsuite hostname="LAPTOP-J81SHHRK" failures="0" tests="4" name="Testcases.DependsOnMethods_Helper" time="0.026" errors="0" timestamp="2024-06-03T14:50:52 IST" skipped="0">
  <testcase classname="Testcases.DependsOnMethods_Helper" name="SearchTest" time="0.002"/>
  <system-out/>
  <testcase classname="Testcases.DependsOnMethods_Helper" name="SubscribeTest" time="0.003"/>
  <system-out/>
  <testcase classname="Testcases.DependsOnMethods_Helper" name="Register" time="0.019"/>
  <system-out/>
  <testcase classname="Testcases.DependsOnMethods_Helper" name="LoginTest" time="0.002"/>
  <system-out/>
</testsuite> <!-- Testcases.DependsOnMethods_Helper -->
