<?xml version="1.0" encoding="UTF-8"?>
<!-- Generated by org.testng.reporters.JUnitReportReporter -->
<testsuite hostname="LAPTOP-J81SHHRK" failures="0" tests="3" name="Testcases.TC1" time="0.036" errors="0" timestamp="2024-06-06T17:21:36 IST" skipped="0">
  <testcase classname="Testcases.TC1" name="tc3" time="0.030"/>
  <system-out/>
  <testcase classname="Testcases.TC1" name="tc3" time="0.003"/>
  <system-out/>
  <testcase classname="Testcases.TC1" name="tc3" time="0.003"/>
  <system-out/>
</testsuite> <!-- Testcases.TC1 -->
