<?xml version="1.0" encoding="UTF-8"?>
<!-- Generated by org.testng.reporters.JUnitReportReporter -->
<testsuite hostname="LAPTOP-J81SHHRK" failures="0" tests="1" name="Testcases.Prameters_Test" time="8.177" errors="0" timestamp="2024-06-05T12:14:28 IST" skipped="0">
  <testcase classname="Testcases.Prameters_Test" name="searchtest" time="8.177"/>
  <system-out/>
</testsuite> <!-- Testcases.Prameters_Test -->
