<?xml version="1.0" encoding="UTF-8"?>
<!-- Generated by org.testng.reporters.JUnitReportReporter -->
<testsuite hostname="LAPTOP-J81SHHRK" failures="0" tests="1" name="Testcases.Demo" time="1.035" errors="0" timestamp="2024-06-04T09:58:54 IST" skipped="0">
  <testcase classname="Testcases.Demo" name="search" time="1.035"/>
  <system-out/>
</testsuite> <!-- Testcases.Demo -->
