<?xml version="1.0" encoding="UTF-8"?>
<!-- Generated by org.testng.reporters.JUnitReportReporter -->
<testsuite hostname="LAPTOP-J81SHHRK" failures="0" tests="5" name="Testcases.Invocation_ThreadPoolSize" time="46.294" errors="0" timestamp="2024-06-14T12:04:10 IST" skipped="0">
  <testcase classname="Testcases.Invocation_ThreadPoolSize" name="Tc1" time="10.327"/>
  <system-out/>
  <testcase classname="Testcases.Invocation_ThreadPoolSize" name="Tc1" time="10.111"/>
  <system-out/>
  <testcase classname="Testcases.Invocation_ThreadPoolSize" name="Tc1" time="9.893"/>
  <system-out/>
  <testcase classname="Testcases.Invocation_ThreadPoolSize" name="Tc1" time="6.056"/>
  <system-out/>
  <testcase classname="Testcases.Invocation_ThreadPoolSize" name="Tc1" time="9.907"/>
  <system-out/>
</testsuite> <!-- Testcases.Invocation_ThreadPoolSize -->
