<?xml version="1.0" encoding="UTF-8"?>
<!-- Generated by org.testng.reporters.JUnitReportReporter -->
<testsuite hostname="LAPTOP-J81SHHRK" failures="0" tests="1" name="Testcases.SubscribeTest" time="15.876" errors="0" timestamp="2024-06-06T12:29:48 IST" skipped="0">
  <testcase classname="Testcases.SubscribeTest" name="subscribetest" time="15.876"/>
  <system-out>
    <![CDATA[Application launched successfully
subscribe testcase completed]]>
  </system-out>
</testsuite> <!-- Testcases.SubscribeTest -->
