<?xml version="1.0" encoding="UTF-8"?>
<!-- Generated by org.testng.reporters.JUnitReportReporter -->
<testsuite hostname="LAPTOP-J81SHHRK" failures="0" tests="1" name="Testcases.Include_Tag1" time="5.067" errors="0" timestamp="2024-06-04T18:17:14 IST" skipped="0">
  <testcase classname="Testcases.Include_Tag1" name="VoteTest" time="5.067"/>
  <system-out>
    <![CDATA[votetest]]>
  </system-out>
</testsuite> <!-- Testcases.Include_Tag1 -->
