<?xml version="1.0" encoding="UTF-8"?>
<!-- Generated by org.testng.reporters.JUnitReportReporter -->
<testsuite hostname="LAPTOP-J81SHHRK" failures="0" tests="2" name="Testcases.Include_Tag" time="1.653" errors="0" timestamp="2024-06-04T18:17:14 IST" skipped="0">
  <testcase classname="Testcases.Include_Tag" name="Registertest" time="0.765"/>
  <system-out/>
  <testcase classname="Testcases.Include_Tag" name="SearchTest" time="0.888"/>
  <system-out/>
</testsuite> <!-- Testcases.Include_Tag -->
