<?xml version="1.0" encoding="UTF-8"?>
<!-- Generated by org.testng.reporters.JUnitReportReporter -->
<testsuite hostname="LAPTOP-J81SHHRK" failures="0" tests="2" name="Testcases.Helper_Groups" time="0.016" errors="0" timestamp="2024-06-04T17:50:36 IST" skipped="0">
  <testcase classname="Testcases.Helper_Groups" name="Subscribetest" time="0.002"/>
  <system-out/>
  <testcase classname="Testcases.Helper_Groups" name="AddToCart" time="0.014"/>
  <system-out/>
</testsuite> <!-- Testcases.Helper_Groups -->
