<?xml version="1.0" encoding="UTF-8"?>
<!-- Generated by org.testng.reporters.JUnitReportReporter -->
<testsuite hostname="LAPTOP-J81SHHRK" failures="0" tests="2" name="Testcases.DataProvider_DWS" time="20.429" errors="0" timestamp="2024-06-06T16:23:14 IST" skipped="0">
  <testcase classname="Testcases.DataProvider_DWS" name="search" time="9.258"/>
  <system-out/>
  <testcase classname="Testcases.DataProvider_DWS" name="search" time="11.171"/>
  <system-out/>
</testsuite> <!-- Testcases.DataProvider_DWS -->
