<?xml version="1.0" encoding="UTF-8"?>
<!-- Generated by org.testng.reporters.JUnitReportReporter -->
<testsuite hostname="LAPTOP-J81SHHRK" failures="0" tests="2" name="Testcases.Configuration_Annotation" time="0.014" errors="0" timestamp="2024-06-03T16:22:56 IST" skipped="0">
  <testcase classname="Testcases.Configuration_Annotation" name="Tc2" time="0.003"/>
  <system-out/>
  <testcase classname="Testcases.Configuration_Annotation" name="TC1" time="0.011"/>
  <system-out/>
</testsuite> <!-- Testcases.Configuration_Annotation -->
