<?xml version="1.0" encoding="UTF-8"?>
<!-- Generated by org.testng.reporters.JUnitReportReporter -->
<testsuite hostname="LAPTOP-J81SHHRK" failures="0" tests="4" name="Testcases.Priority_Helper" time="0.021" errors="0" timestamp="2024-06-03T14:44:36 IST" skipped="0">
  <testcase classname="Testcases.Priority_Helper" name="RegisterTest" time="0.016"/>
  <system-out/>
  <testcase classname="Testcases.Priority_Helper" name="LoginTest" time="0.002"/>
  <system-out/>
  <testcase classname="Testcases.Priority_Helper" name="SearchTest" time="0.001"/>
  <system-out/>
  <testcase classname="Testcases.Priority_Helper" name="SubscribeTest" time="0.002"/>
  <system-out/>
</testsuite> <!-- Testcases.Priority_Helper -->
