<?xml version="1.0" encoding="UTF-8"?>
<!-- Generated by org.testng.reporters.JUnitReportReporter -->
<testsuite hostname="LAPTOP-J81SHHRK" failures="0" tests="2" name="Testcases.Exclude_Tag" time="0.020" errors="0" timestamp="2024-06-04T18:06:30 IST" skipped="0">
  <testcase classname="Testcases.Exclude_Tag" name="Logintest" time="0.017"/>
  <system-out>
    <![CDATA[Logintest]]>
  </system-out>
  <testcase classname="Testcases.Exclude_Tag" name="Registertest" time="0.003"/>
  <system-out>
    <![CDATA[dddhghjhjhkkkk]]>
  </system-out>
</testsuite> <!-- Testcases.Exclude_Tag -->
